# JRE version: OpenJDK Runtime Environment (8.0_242-b01) (build 1.8.0_242-release-1644-b01)
# Java VM: OpenJDK 64-Bit Server VM (25.242-b01 mixed mode windows-amd64 compressed oops)
Heap:
 PSYoungGen      total 253440K, used 74984K [0x00000000e0000000, 0x00000000f3a80000, 0x0000000100000000)
  eden space 220160K, 19% used [0x00000000e0000000,0x00000000e294a890,0x00000000ed700000)
  from space 33280K, 98% used [0x00000000efc00000,0x00000000f1bef9d0,0x00000000f1c80000)
  to   space 37888K, 0% used [0x00000000ed700000,0x00000000ed700000,0x00000000efc00000)
 ParOldGen       total 142848K, used 58303K [0x00000000a0000000, 0x00000000a8b80000, 0x00000000e0000000)
  object space 142848K, 40% used [0x00000000a0000000,0x00000000a38efe50,0x00000000a8b80000)
 Metaspace       used 89208K, capacity 93342K, committed 93440K, reserved 1130496K
  class space    used 11679K, capacity 12501K, committed 12544K, reserved 1048576K
GC Heap History (10 events):
Event: 15.841 GC heap before
{Heap before GC invocations=17 (full 3):
 PSYoungGen      total 178688K, used 173716K [0x00000000e0000000, 0x00000000edb80000, 0x0000000100000000)
  eden space 160256K, 100% used [0x00000000e0000000,0x00000000e9c80000,0x00000000e9c80000)
  from space 18432K, 73% used [0x00000000e9c80000,0x00000000ea9a5220,0x00000000eae80000)
  to   space 18944K, 0% used [0x00000000ec900000,0x00000000ec900000,0x00000000edb80000)
 ParOldGen       total 142848K, used 33667K [0x00000000a0000000, 0x00000000a8b80000, 0x00000000e0000000)
  object space 142848K, 23% used [0x00000000a0000000,0x00000000a20e0ec8,0x00000000a8b80000)
 Metaspace       used 73005K, capacity 76120K, committed 76416K, reserved 1116160K
  class space    used 9934K, capacity 10499K, committed 10624K, reserved 1048576K
Event: 15.864 GC heap after
Heap after GC invocations=17 (full 3):
 PSYoungGen      total 202240K, used 18928K [0x00000000e0000000, 0x00000000ee280000, 0x0000000100000000)
  eden space 183296K, 0% used [0x00000000e0000000,0x00000000e0000000,0x00000000eb300000)
  from space 18944K, 99% used [0x00000000ec900000,0x00000000edb7c348,0x00000000edb80000)
  to   space 22528K, 0% used [0x00000000eb300000,0x00000000eb300000,0x00000000ec900000)
 ParOldGen       total 142848K, used 36270K [0x00000000a0000000, 0x00000000a8b80000, 0x00000000e0000000)
  object space 142848K, 25% used [0x00000000a0000000,0x00000000a236ba70,0x00000000a8b80000)
 Metaspace       used 73005K, capacity 76120K, committed 76416K, reserved 1116160K
  class space    used 9934K, capacity 10499K, committed 10624K, reserved 1048576K
}
Event: 92.653 GC heap before
{Heap before GC invocations=18 (full 3):
 PSYoungGen      total 202240K, used 202224K [0x00000000e0000000, 0x00000000ee280000, 0x0000000100000000)
  eden space 183296K, 100% used [0x00000000e0000000,0x00000000eb300000,0x00000000eb300000)
  from space 18944K, 99% used [0x00000000ec900000,0x00000000edb7c348,0x00000000edb80000)
  to   space 22528K, 0% used [0x00000000eb300000,0x00000000eb300000,0x00000000ec900000)
 ParOldGen       total 142848K, used 36270K [0x00000000a0000000, 0x00000000a8b80000, 0x00000000e0000000)
  object space 142848K, 25% used [0x00000000a0000000,0x00000000a236ba70,0x00000000a8b80000)
 Metaspace       used 82173K, capacity 85970K, committed 86144K, reserved 1124352K
  class space    used 10862K, capacity 11625K, committed 11648K, reserved 1048576K
Event: 92.686 GC heap after
Heap after GC invocations=18 (full 3):
 PSYoungGen      total 205824K, used 22527K [0x00000000e0000000, 0x00000000f0500000, 0x0000000100000000)
  eden space 183296K, 0% used [0x00000000e0000000,0x00000000e0000000,0x00000000eb300000)
  from space 22528K, 99% used [0x00000000eb300000,0x00000000ec8ffcd0,0x00000000ec900000)
  to   space 29696K, 0% used [0x00000000ee800000,0x00000000ee800000,0x00000000f0500000)
 ParOldGen       total 142848K, used 46983K [0x00000000a0000000, 0x00000000a8b80000, 0x00000000e0000000)
  object space 142848K, 32% used [0x00000000a0000000,0x00000000a2de1cc0,0x00000000a8b80000)
 Metaspace       used 82173K, capacity 85970K, committed 86144K, reserved 1124352K
  class space    used 10862K, capacity 11625K, committed 11648K, reserved 1048576K
}
Event: 96.397 GC heap before
{Heap before GC invocations=19 (full 3):
 PSYoungGen      total 205824K, used 205823K [0x00000000e0000000, 0x00000000f0500000, 0x0000000100000000)
  eden space 183296K, 100% used [0x00000000e0000000,0x00000000eb300000,0x00000000eb300000)
  from space 22528K, 99% used [0x00000000eb300000,0x00000000ec8ffcd0,0x00000000ec900000)
  to   space 29696K, 0% used [0x00000000ee800000,0x00000000ee800000,0x00000000f0500000)
 ParOldGen       total 142848K, used 46983K [0x00000000a0000000, 0x00000000a8b80000, 0x00000000e0000000)
  object space 142848K, 32% used [0x00000000a0000000,0x00000000a2de1cc0,0x00000000a8b80000)
 Metaspace       used 85873K, capacity 89894K, committed 90240K, reserved 1128448K
  class space    used 11286K, capacity 12063K, committed 12160K, reserved 1048576K
Event: 96.452 GC heap after
Heap after GC invocations=19 (full 3):
 PSYoungGen      total 237056K, used 19237K [0x00000000e0000000, 0x00000000f0900000, 0x0000000100000000)
  eden space 207360K, 0% used [0x00000000e0000000,0x00000000e0000000,0x00000000eca80000)
  from space 29696K, 64% used [0x00000000ee800000,0x00000000efac9598,0x00000000f0500000)
  to   space 30208K, 0% used [0x00000000eca80000,0x00000000eca80000,0x00000000ee800000)
 ParOldGen       total 142848K, used 58260K [0x00000000a0000000, 0x00000000a8b80000, 0x00000000e0000000)
  object space 142848K, 40% used [0x00000000a0000000,0x00000000a38e5228,0x00000000a8b80000)
 Metaspace       used 85873K, capacity 89894K, committed 90240K, reserved 1128448K
  class space    used 11286K, capacity 12063K, committed 12160K, reserved 1048576K
}
Event: 113.378 GC heap before
{Heap before GC invocations=20 (full 3):
 PSYoungGen      total 237056K, used 226597K [0x00000000e0000000, 0x00000000f0900000, 0x0000000100000000)
  eden space 207360K, 100% used [0x00000000e0000000,0x00000000eca80000,0x00000000eca80000)
  from space 29696K, 64% used [0x00000000ee800000,0x00000000efac9598,0x00000000f0500000)
  to   space 30208K, 0% used [0x00000000eca80000,0x00000000eca80000,0x00000000ee800000)
 ParOldGen       total 142848K, used 58260K [0x00000000a0000000, 0x00000000a8b80000, 0x00000000e0000000)
  object space 142848K, 40% used [0x00000000a0000000,0x00000000a38e5260,0x00000000a8b80000)
 Metaspace       used 89145K, capacity 93264K, committed 93440K, reserved 1130496K
  class space    used 11676K, capacity 12498K, committed 12544K, reserved 1048576K
Event: 113.409 GC heap after
Heap after GC invocations=20 (full 3):
 PSYoungGen      total 237568K, used 26188K [0x00000000e0000000, 0x00000000f1c80000, 0x0000000100000000)
  eden space 207360K, 0% used [0x00000000e0000000,0x00000000e0000000,0x00000000eca80000)
  from space 30208K, 86% used [0x00000000eca80000,0x00000000ee4133f0,0x00000000ee800000)
  to   space 33280K, 0% used [0x00000000efc00000,0x00000000efc00000,0x00000000f1c80000)
 ParOldGen       total 142848K, used 58268K [0x00000000a0000000, 0x00000000a8b80000, 0x00000000e0000000)
  object space 142848K, 40% used [0x00000000a0000000,0x00000000a38e7260,0x00000000a8b80000)
 Metaspace       used 89145K, capacity 93264K, committed 93440K, reserved 1130496K
  class space    used 11676K, capacity 12498K, committed 12544K, reserved 1048576K
}
Event: 113.905 GC heap before
{Heap before GC invocations=21 (full 3):
 PSYoungGen      total 237568K, used 233548K [0x00000000e0000000, 0x00000000f1c80000, 0x0000000100000000)
  eden space 207360K, 100% used [0x00000000e0000000,0x00000000eca80000,0x00000000eca80000)
  from space 30208K, 86% used [0x00000000eca80000,0x00000000ee4133f0,0x00000000ee800000)
  to   space 33280K, 0% used [0x00000000efc00000,0x00000000efc00000,0x00000000f1c80000)
 ParOldGen       total 142848K, used 58295K [0x00000000a0000000, 0x00000000a8b80000, 0x00000000e0000000)
  object space 142848K, 40% used [0x00000000a0000000,0x00000000a38ede50,0x00000000a8b80000)
 Metaspace       used 89208K, capacity 93342K, committed 93440K, reserved 1130496K
  class space    used 11679K, capacity 12501K, committed 12544K, reserved 1048576K
Event: 113.952 GC heap after
Heap after GC invocations=21 (full 3):
 PSYoungGen      total 253440K, used 32702K [0x00000000e0000000, 0x00000000f3a80000, 0x0000000100000000)
  eden space 220160K, 0% used [0x00000000e0000000,0x00000000e0000000,0x00000000ed700000)
  from space 33280K, 98% used [0x00000000efc00000,0x00000000f1bef9d0,0x00000000f1c80000)
  to   space 37888K, 0% used [0x00000000ed700000,0x00000000ed700000,0x00000000efc00000)
 ParOldGen       total 142848K, used 58303K [0x00000000a0000000, 0x00000000a8b80000, 0x00000000e0000000)
  object space 142848K, 40% used [0x00000000a0000000,0x00000000a38efe50,0x00000000a8b80000)
 Metaspace       used 89208K, capacity 93342K, committed 93440K, reserved 1130496K
  class space    used 11679K, capacity 12501K, committed 12544K, reserved 1048576K
}

