# JRE version: OpenJDK Runtime Environment (8.0_242-b01) (build 1.8.0_242-release-1644-b01)
# Java VM: OpenJDK 64-Bit Server VM (25.242-b01 mixed mode windows-amd64 compressed oops)
Heap:
 PSYoungGen      total 317440K, used 118873K [0x00000000e0000000, 0x00000000f8880000, 0x0000000100000000)
  eden space 281088K, 29% used [0x00000000e0000000,0x00000000e509df38,0x00000000f1280000)
  from space 36352K, 99% used [0x00000000f1280000,0x00000000f35f8758,0x00000000f3600000)
  to   space 43008K, 0% used [0x00000000f5e80000,0x00000000f5e80000,0x00000000f8880000)
 ParOldGen       total 190976K, used 58570K [0x00000000a0000000, 0x00000000aba80000, 0x00000000e0000000)
  object space 190976K, 30% used [0x00000000a0000000,0x00000000a3932a60,0x00000000aba80000)
 Metaspace       used 110489K, capacity 116014K, committed 116224K, reserved 1150976K
  class space    used 14451K, capacity 15498K, committed 15616K, reserved 1048576K
GC Heap History (10 events):
Event: 105.518 GC heap before
{Heap before GC invocations=19 (full 3):
 PSYoungGen      total 243712K, used 236800K [0x00000000e0000000, 0x00000000f3380000, 0x0000000100000000)
  eden space 216576K, 100% used [0x00000000e0000000,0x00000000ed380000,0x00000000ed380000)
  from space 27136K, 74% used [0x00000000ed380000,0x00000000ee740220,0x00000000eee00000)
  to   space 28672K, 0% used [0x00000000f1780000,0x00000000f1780000,0x00000000f3380000)
 ParOldGen       total 122368K, used 54286K [0x00000000a0000000, 0x00000000a7780000, 0x00000000e0000000)
  object space 122368K, 44% used [0x00000000a0000000,0x00000000a3503958,0x00000000a7780000)
 Metaspace       used 87866K, capacity 92320K, committed 92416K, reserved 1128448K
  class space    used 11885K, capacity 12769K, committed 12800K, reserved 1048576K
Event: 105.573 GC heap after
Heap after GC invocations=19 (full 3):
 PSYoungGen      total 276480K, used 28660K [0x00000000e0000000, 0x00000000f5280000, 0x0000000100000000)
  eden space 247808K, 0% used [0x00000000e0000000,0x00000000e0000000,0x00000000ef200000)
  from space 28672K, 99% used [0x00000000f1780000,0x00000000f337d080,0x00000000f3380000)
  to   space 38400K, 0% used [0x00000000ef200000,0x00000000ef200000,0x00000000f1780000)
 ParOldGen       total 122368K, used 67969K [0x00000000a0000000, 0x00000000a7780000, 0x00000000e0000000)
  object space 122368K, 55% used [0x00000000a0000000,0x00000000a42607e8,0x00000000a7780000)
 Metaspace       used 87866K, capacity 92320K, committed 92416K, reserved 1128448K
  class space    used 11885K, capacity 12769K, committed 12800K, reserved 1048576K
}
Event: 526.977 GC heap before
{Heap before GC invocations=20 (full 3):
 PSYoungGen      total 276480K, used 220035K [0x00000000e0000000, 0x00000000f5280000, 0x0000000100000000)
  eden space 247808K, 77% used [0x00000000e0000000,0x00000000ebae3df0,0x00000000ef200000)
  from space 28672K, 99% used [0x00000000f1780000,0x00000000f337d080,0x00000000f3380000)
  to   space 38400K, 0% used [0x00000000ef200000,0x00000000ef200000,0x00000000f1780000)
 ParOldGen       total 122368K, used 67969K [0x00000000a0000000, 0x00000000a7780000, 0x00000000e0000000)
  object space 122368K, 55% used [0x00000000a0000000,0x00000000a42607e8,0x00000000a7780000)
 Metaspace       used 93619K, capacity 98416K, committed 98496K, reserved 1134592K
  class space    used 12568K, capacity 13538K, committed 13568K, reserved 1048576K
Event: 527.114 GC heap after
Heap after GC invocations=20 (full 3):
 PSYoungGen      total 286208K, used 14594K [0x00000000e0000000, 0x00000000f5900000, 0x0000000100000000)
  eden space 247808K, 0% used [0x00000000e0000000,0x00000000e0000000,0x00000000ef200000)
  from space 38400K, 38% used [0x00000000ef200000,0x00000000f00408b8,0x00000000f1780000)
  to   space 35840K, 0% used [0x00000000f3600000,0x00000000f3600000,0x00000000f5900000)
 ParOldGen       total 122368K, used 81257K [0x00000000a0000000, 0x00000000a7780000, 0x00000000e0000000)
  object space 122368K, 66% used [0x00000000a0000000,0x00000000a4f5a6d0,0x00000000a7780000)
 Metaspace       used 93619K, capacity 98416K, committed 98496K, reserved 1134592K
  class space    used 12568K, capacity 13538K, committed 13568K, reserved 1048576K
}
Event: 527.114 GC heap before
{Heap before GC invocations=21 (full 4):
 PSYoungGen      total 286208K, used 14594K [0x00000000e0000000, 0x00000000f5900000, 0x0000000100000000)
  eden space 247808K, 0% used [0x00000000e0000000,0x00000000e0000000,0x00000000ef200000)
  from space 38400K, 38% used [0x00000000ef200000,0x00000000f00408b8,0x00000000f1780000)
  to   space 35840K, 0% used [0x00000000f3600000,0x00000000f3600000,0x00000000f5900000)
 ParOldGen       total 122368K, used 81257K [0x00000000a0000000, 0x00000000a7780000, 0x00000000e0000000)
  object space 122368K, 66% used [0x00000000a0000000,0x00000000a4f5a6d0,0x00000000a7780000)
 Metaspace       used 93619K, capacity 98416K, committed 98496K, reserved 1134592K
  class space    used 12568K, capacity 13538K, committed 13568K, reserved 1048576K
Event: 527.428 GC heap after
Heap after GC invocations=21 (full 4):
 PSYoungGen      total 286208K, used 0K [0x00000000e0000000, 0x00000000f5900000, 0x0000000100000000)
  eden space 247808K, 0% used [0x00000000e0000000,0x00000000e0000000,0x00000000ef200000)
  from space 38400K, 0% used [0x00000000ef200000,0x00000000ef200000,0x00000000f1780000)
  to   space 35840K, 0% used [0x00000000f3600000,0x00000000f3600000,0x00000000f5900000)
 ParOldGen       total 190976K, used 56314K [0x00000000a0000000, 0x00000000aba80000, 0x00000000e0000000)
  object space 190976K, 29% used [0x00000000a0000000,0x00000000a36feb38,0x00000000aba80000)
 Metaspace       used 93099K, capacity 97060K, committed 98496K, reserved 1134592K
  class space    used 12395K, capacity 13238K, committed 13568K, reserved 1048576K
}
Event: 531.952 GC heap before
{Heap before GC invocations=22 (full 4):
 PSYoungGen      total 286208K, used 247808K [0x00000000e0000000, 0x00000000f5900000, 0x0000000100000000)
  eden space 247808K, 100% used [0x00000000e0000000,0x00000000ef200000,0x00000000ef200000)
  from space 38400K, 0% used [0x00000000ef200000,0x00000000ef200000,0x00000000f1780000)
  to   space 35840K, 0% used [0x00000000f3600000,0x00000000f3600000,0x00000000f5900000)
 ParOldGen       total 190976K, used 56316K [0x00000000a0000000, 0x00000000aba80000, 0x00000000e0000000)
  object space 190976K, 29% used [0x00000000a0000000,0x00000000a36ff128,0x00000000aba80000)
 Metaspace       used 102782K, capacity 107496K, committed 108416K, reserved 1142784K
  class space    used 13562K, capacity 14450K, committed 14720K, reserved 1048576K
Event: 531.988 GC heap after
Heap after GC invocations=22 (full 4):
 PSYoungGen      total 316928K, used 22120K [0x00000000e0000000, 0x00000000f5c80000, 0x0000000100000000)
  eden space 281088K, 0% used [0x00000000e0000000,0x00000000e0000000,0x00000000f1280000)
  from space 35840K, 61% used [0x00000000f3600000,0x00000000f4b9a348,0x00000000f5900000)
  to   space 36352K, 0% used [0x00000000f1280000,0x00000000f1280000,0x00000000f3600000)
 ParOldGen       total 190976K, used 56324K [0x00000000a0000000, 0x00000000aba80000, 0x00000000e0000000)
  object space 190976K, 29% used [0x00000000a0000000,0x00000000a3701128,0x00000000aba80000)
 Metaspace       used 102782K, capacity 107496K, committed 108416K, reserved 1142784K
  class space    used 13562K, capacity 14450K, committed 14720K, reserved 1048576K
}
Event: 634.798 GC heap before
{Heap before GC invocations=23 (full 4):
 PSYoungGen      total 316928K, used 303208K [0x00000000e0000000, 0x00000000f5c80000, 0x0000000100000000)
  eden space 281088K, 100% used [0x00000000e0000000,0x00000000f1280000,0x00000000f1280000)
  from space 35840K, 61% used [0x00000000f3600000,0x00000000f4b9a348,0x00000000f5900000)
  to   space 36352K, 0% used [0x00000000f1280000,0x00000000f1280000,0x00000000f3600000)
 ParOldGen       total 190976K, used 56327K [0x00000000a0000000, 0x00000000aba80000, 0x00000000e0000000)
  object space 190976K, 29% used [0x00000000a0000000,0x00000000a3701df0,0x00000000aba80000)
 Metaspace       used 109446K, capacity 114890K, committed 115072K, reserved 1148928K
  class space    used 14349K, capacity 15378K, committed 15488K, reserved 1048576K
Event: 634.877 GC heap after
Heap after GC invocations=23 (full 4):
 PSYoungGen      total 317440K, used 36321K [0x00000000e0000000, 0x00000000f8880000, 0x0000000100000000)
  eden space 281088K, 0% used [0x00000000e0000000,0x00000000e0000000,0x00000000f1280000)
  from space 36352K, 99% used [0x00000000f1280000,0x00000000f35f8758,0x00000000f3600000)
  to   space 43008K, 0% used [0x00000000f5e80000,0x00000000f5e80000,0x00000000f8880000)
 ParOldGen       total 190976K, used 58570K [0x00000000a0000000, 0x00000000aba80000, 0x00000000e0000000)
  object space 190976K, 30% used [0x00000000a0000000,0x00000000a3932a60,0x00000000aba80000)
 Metaspace       used 109446K, capacity 114890K, committed 115072K, reserved 1148928K
  class space    used 14349K, capacity 15378K, committed 15488K, reserved 1048576K
}

